<?xml version="1.0" encoding="UTF-8" ?>
<testsuite errors="0" failures="0" hostname="192-168-7-17" name="es.upm.spai.ant.test.SumaTest" tests="2" time="0.051" timestamp="2013-10-17T07:56:09">
  <properties>
[...]
</properties>
  <testcase classname="es.upm.spai.ant.test.SumaTest" name="aVerSiIncrementaBien" time="0.002" />
  <testcase classname="es.upm.spai.ant.test.SumaTest" name="aVerSiSumaBien" time="0.0" />
  <system-out><![CDATA[]]></system-out>
  <system-err><![CDATA[]]></system-err>
</testsuite>
